#
# A fatal error has been detected by the Java Runtime Environment:
#
#  EXCEPTION_ACCESS_VIOLATION (0xc0000005) at pc=0x00007fff298eeebd, pid=9600, tid=0x0000000000004ab8
#
# JRE version: Java(TM) SE Runtime Environment (8.0_171-b11) (build 1.8.0_171-b11)
# Java VM: Java HotSpot(TM) 64-Bit Server VM (25.171-b11 mixed mode windows-amd64 compressed oops)
# Problematic frame:
# C  [lwjgl_opengl.dll+0xeebd]
#
# Failed to write core dump. Minidumps are not enabled by default on client versions of Windows
#
# If you would like to submit a bug report, please visit:
#   http://bugreport.java.com/bugreport/crash.jsp
# The crash happened outside the Java Virtual Machine in native code.
# See problematic frame for where to report the bug.
#

---------------  T H R E A D  ---------------

Current thread (0x0000000002363800):  JavaThread "main" [_thread_in_native, id=19128, stack(0x0000000001fb0000,0x00000000020b0000)]

siginfo: ExceptionCode=0xc0000005, reading address 0x0000000000000f00

Registers:
RAX=0x000000005b204d50, RBX=0x0000000016d77f28, RCX=0x0000000000000001, RDX=0x000000001a20ba3c
RSP=0x00000000020af6f8, RBP=0x00000000020af778, RSI=0x0000000000000188, RDI=0x0000000002467e70
R8 =0x0000000000000001, R9 =0x000000001a20ba3c, R10=0x0000000000000000, R11=0x000000005ac8c460
R12=0x0000000000000000, R13=0x0000000016d77f28, R14=0x00000000020af7a8, R15=0x0000000002363800
RIP=0x00007fff298eeebd, EFLAGS=0x0000000000010206

Top of Stack: (sp=0x00000000020af6f8)
0x00000000020af6f8:   0000000002478c67 0000000002467e70
0x00000000020af708:   00000000024789ab 0000000002363800
0x00000000020af718:   0000000016d77f28 0000000000000188
0x00000000020af728:   0000000002363800 0000000002478962
0x00000000020af738:   00000000020af738 0000000016d77f28
0x00000000020af748:   00000000020af7a8 0000000016da4028
0x00000000020af758:   0000000000000000 0000000016d77f28
0x00000000020af768:   0000000000000000 00000000020af798
0x00000000020af778:   00000000020af7f0 000000000246835d
0x00000000020af788:   00000000d64e6e80 00000000024721d8
0x00000000020af798:   000000001a20ba3c 00000000d6acaa78
0x00000000020af7a8:   0000000000000001 00000000020af7b0
0x00000000020af7b8:   0000000016d7807c 00000000020af820
0x00000000020af7c8:   0000000016da4028 0000000000000000
0x00000000020af7d8:   0000000016d780e0 00000000020af798
0x00000000020af7e8:   00000000020af828 00000000020af868 

Instructions: (pc=0x00007fff298eeebd)
0x00007fff298eee9d:   00 41 8b c8 48 ff e0 cc cc cc cc cc cc cc cc cc
0x00007fff298eeead:   cc cc cc 48 8b 01 49 8b d1 41 8b c8 4c 8b 50 18
0x00007fff298eeebd:   49 ff a2 00 0f 00 00 cc cc cc cc cc cc cc cc cc
0x00007fff298eeecd:   cc cc cc 48 8b 01 49 8b d1 41 8b c8 4c 8b 50 18 


Register to memory mapping:

RAX=0x000000005b204d50 is an unknown value
RBX={method} {0x0000000016d77f30} 'nglGenTextures' '(IJ)V' in 'org/lwjgl/opengl/GL11'
RCX=0x0000000000000001 is an unknown value
RDX=0x000000001a20ba3c is an unknown value
RSP=0x00000000020af6f8 is pointing into the stack for thread: 0x0000000002363800
RBP=0x00000000020af778 is pointing into the stack for thread: 0x0000000002363800
RSI=0x0000000000000188 is an unknown value
RDI=0x0000000002467e70 is at code_begin+1040 in an Interpreter codelet
invoke return entry points  [0x0000000002467a60, 0x0000000002468440]  2528 bytes
R8 =0x0000000000000001 is an unknown value
R9 =0x000000001a20ba3c is an unknown value
R10=0x0000000000000000 is an unknown value
R11=0x000000005ac8c460 is an unknown value
R12=0x0000000000000000 is an unknown value
R13={method} {0x0000000016d77f30} 'nglGenTextures' '(IJ)V' in 'org/lwjgl/opengl/GL11'
R14=0x00000000020af7a8 is pointing into the stack for thread: 0x0000000002363800
R15=0x0000000002363800 is a thread


Stack: [0x0000000001fb0000,0x00000000020b0000],  sp=0x00000000020af6f8,  free space=1021k
Native frames: (J=compiled Java code, j=interpreted, Vv=VM code, C=native code)
C  [lwjgl_opengl.dll+0xeebd]

Java frames: (J=compiled Java code, j=interpreted, Vv=VM code)
j  org.lwjgl.opengl.GL11.nglGenTextures(IJ)V+0
j  org.lwjgl.opengl.GL11.glGenTextures()I+20
j  com.Test.main([Ljava/lang/String;)V+0
v  ~StubRoutines::call_stub

---------------  P R O C E S S  ---------------

Java Threads: ( => current thread )
  0x00000000193e3800 JavaThread "Service Thread" daemon [_thread_blocked, id=11724, stack(0x0000000019f10000,0x000000001a010000)]
  0x0000000019337000 JavaThread "C1 CompilerThread3" daemon [_thread_blocked, id=16568, stack(0x0000000019e10000,0x0000000019f10000)]
  0x0000000019334000 JavaThread "C2 CompilerThread2" daemon [_thread_blocked, id=6868, stack(0x0000000019d10000,0x0000000019e10000)]
  0x000000001932b000 JavaThread "C2 CompilerThread1" daemon [_thread_blocked, id=10808, stack(0x0000000019c10000,0x0000000019d10000)]
  0x000000001932a800 JavaThread "C2 CompilerThread0" daemon [_thread_blocked, id=16728, stack(0x0000000019b10000,0x0000000019c10000)]
  0x000000001931f000 JavaThread "Monitor Ctrl-Break" daemon [_thread_in_native, id=11700, stack(0x0000000019a10000,0x0000000019b10000)]
  0x0000000019249000 JavaThread "Attach Listener" daemon [_thread_blocked, id=15256, stack(0x0000000019910000,0x0000000019a10000)]
  0x0000000019248000 JavaThread "Signal Dispatcher" daemon [_thread_blocked, id=8748, stack(0x0000000019810000,0x0000000019910000)]
  0x0000000019240800 JavaThread "Finalizer" daemon [_thread_blocked, id=20440, stack(0x0000000019620000,0x0000000019720000)]
  0x0000000002459000 JavaThread "Reference Handler" daemon [_thread_blocked, id=19776, stack(0x0000000019120000,0x0000000019220000)]
=>0x0000000002363800 JavaThread "main" [_thread_in_native, id=19128, stack(0x0000000001fb0000,0x00000000020b0000)]

Other Threads:
  0x0000000017349000 VMThread [stack: 0x0000000019020000,0x0000000019120000] [id=19360]
  0x0000000019357800 WatcherThread [stack: 0x000000001a010000,0x000000001a110000] [id=9272]

VM state:not at safepoint (normal execution)

VM Mutex/Monitor currently owned by a thread: None

Heap:
 PSYoungGen      total 37888K, used 8622K [0x00000000d6300000, 0x00000000d8d00000, 0x0000000100000000)
  eden space 32768K, 26% used [0x00000000d6300000,0x00000000d6b6b870,0x00000000d8300000)
  from space 5120K, 0% used [0x00000000d8800000,0x00000000d8800000,0x00000000d8d00000)
  to   space 5120K, 0% used [0x00000000d8300000,0x00000000d8300000,0x00000000d8800000)
 ParOldGen       total 86016K, used 0K [0x0000000082800000, 0x0000000087c00000, 0x00000000d6300000)
  object space 86016K, 0% used [0x0000000082800000,0x0000000082800000,0x0000000087c00000)
 Metaspace       used 6118K, capacity 6282K, committed 6400K, reserved 1056768K
  class space    used 672K, capacity 731K, committed 768K, reserved 1048576K

Card table byte_map: [0x0000000011820000,0x0000000011c10000] byte_map_base: 0x000000001140c000

Marking Bits: (ParMarkBitMap*) 0x000000005b2808c0
 Begin Bits: [0x00000000126b0000, 0x0000000014610000)
 End Bits:   [0x0000000014610000, 0x0000000016570000)

Polling page: 0x00000000001f0000

CodeCache: size=245760Kb used=1817Kb max_used=1829Kb free=243942Kb
 bounds [0x0000000002460000, 0x00000000026d0000, 0x0000000011460000]
 total_blobs=724 nmethods=371 adapters=266
 compilation: enabled

Compilation events (10 events):
Event: 0.323 Thread 0x000000001932b000  365       4       java.lang.String::replace (127 bytes)
Event: 0.329 Thread 0x000000001932a800  367       4       sun.nio.cs.UTF_8$Encoder::encode (359 bytes)
Event: 0.329 Thread 0x0000000019337000  368       1       java.net.URL::getUserInfo (5 bytes)
Event: 0.329 Thread 0x0000000019337000 nmethod 368 0x0000000002623c10 code [0x0000000002623d60, 0x0000000002623e70]
Event: 0.329 Thread 0x0000000019337000  370       3       java.nio.DirectLongBufferU::get (16 bytes)
Event: 0.330 Thread 0x0000000019337000 nmethod 370 0x0000000002623390 code [0x0000000002623500, 0x0000000002623770]
Event: 0.330 Thread 0x0000000019337000  371       3       java.nio.DirectLongBufferU::put (18 bytes)
Event: 0.330 Thread 0x0000000019337000 nmethod 371 0x0000000002622e90 code [0x0000000002623000, 0x0000000002623270]
Event: 0.331 Thread 0x000000001932b000 nmethod 365 0x0000000002626b50 code [0x0000000002626ca0, 0x0000000002627158]
Event: 0.332 Thread 0x000000001932a800 nmethod 367 0x000000000262a410 code [0x000000000262a560, 0x000000000262a7b8]

GC Heap History (0 events):
No events

Deoptimization events (1 events):
Event: 0.236 Thread 0x0000000002363800 Uncommon trap: reason=null_check action=make_not_entrant pc=0x00000000025e3054 method=java.lang.String.equals(Ljava/lang/Object;)Z @ 8

Classes redefined (0 events):
No events

Internal exceptions (10 events):
Event: 0.176 Thread 0x0000000002363800 Exception <a 'java/security/PrivilegedActionException'> (0x00000000d6718b90) thrown at [C:\re\workspace\8-2-build-windows-amd64-cygwin\jdk8u171\10807\hotspot\src\share\vm\prims\jvm.cpp, line 1435]
Event: 0.213 Thread 0x0000000002363800 Exception <a 'java/lang/NoSuchFieldError': method resolution failed> (0x00000000d6869670) thrown at [C:\re\workspace\8-2-build-windows-amd64-cygwin\jdk8u171\10807\hotspot\src\share\vm\prims\methodHandles.cpp, line 1167]
Event: 0.215 Thread 0x0000000002363800 Exception <a 'java/lang/NoSuchFieldError': method resolution failed> (0x00000000d6877660) thrown at [C:\re\workspace\8-2-build-windows-amd64-cygwin\jdk8u171\10807\hotspot\src\share\vm\prims\methodHandles.cpp, line 1167]
Event: 0.236 Thread 0x0000000002363800 Implicit null exception at 0x00000000025e2e9b to 0x00000000025e3045
Event: 0.309 Thread 0x0000000002363800 Exception <a 'sun/nio/fs/WindowsException'> (0x00000000d6a205a0) thrown at [C:\re\workspace\8-2-build-windows-amd64-cygwin\jdk8u171\10807\hotspot\src\share\vm\prims\jni.cpp, line 709]
Event: 0.310 Thread 0x0000000002363800 Exception <a 'sun/nio/fs/WindowsException'> (0x00000000d6a21fa0) thrown at [C:\re\workspace\8-2-build-windows-amd64-cygwin\jdk8u171\10807\hotspot\src\share\vm\prims\jni.cpp, line 709]
Event: 0.310 Thread 0x0000000002363800 Exception <a 'sun/nio/fs/WindowsException'> (0x00000000d6a24720) thrown at [C:\re\workspace\8-2-build-windows-amd64-cygwin\jdk8u171\10807\hotspot\src\share\vm\prims\jni.cpp, line 709]
Event: 0.311 Thread 0x0000000002363800 Exception <a 'sun/nio/fs/WindowsException'> (0x00000000d6a24c48) thrown at [C:\re\workspace\8-2-build-windows-amd64-cygwin\jdk8u171\10807\hotspot\src\share\vm\prims\jni.cpp, line 709]
Event: 0.311 Thread 0x0000000002363800 Exception <a 'sun/nio/fs/WindowsException'> (0x00000000d6a25620) thrown at [C:\re\workspace\8-2-build-windows-amd64-cygwin\jdk8u171\10807\hotspot\src\share\vm\prims\jni.cpp, line 709]
Event: 0.311 Thread 0x0000000002363800 Exception <a 'sun/nio/fs/WindowsException'> (0x00000000d6a25ab0) thrown at [C:\re\workspace\8-2-build-windows-amd64-cygwin\jdk8u171\10807\hotspot\src\share\vm\prims\jni.cpp, line 709]

Events (10 events):
Event: 0.325 loading class sun/reflect/UnsafeQualifiedStaticFieldAccessorImpl done
Event: 0.325 loading class sun/reflect/UnsafeQualifiedStaticObjectFieldAccessorImpl done
Event: 0.325 loading class org/lwjgl/system/windows/WinBase
Event: 0.325 loading class org/lwjgl/system/windows/WinBase done
Event: 0.328 loading class org/lwjgl/opengl/GL$1
Event: 0.328 loading class org/lwjgl/opengl/GL$1 done
Event: 0.328 loading class org/lwjgl/opengl/GL$SharedLibraryGL
Event: 0.328 loading class org/lwjgl/opengl/GL$SharedLibraryGL done
Event: 0.329 loading class org/lwjgl/system/SharedLibrary$Delegate
Event: 0.329 loading class org/lwjgl/system/SharedLibrary$Delegate done


Dynamic libraries:
0x00007ff6a8cd0000 - 0x00007ff6a8d07000 	C:\Program Files\Java\jdk1.8.0_171\bin\java.exe
0x00007fff478b0000 - 0x00007fff47a91000 	C:\WINDOWS\SYSTEM32\ntdll.dll
0x00007fff39f40000 - 0x00007fff39f74000 	C:\Program Files\AVG\Antivirus\x64\aswhooka.dll
0x00007fff44d40000 - 0x00007fff44df2000 	C:\WINDOWS\System32\KERNEL32.DLL
0x00007fff43d00000 - 0x00007fff43f73000 	C:\WINDOWS\System32\KERNELBASE.dll
0x00007fff47380000 - 0x00007fff47421000 	C:\WINDOWS\System32\ADVAPI32.dll
0x00007fff47230000 - 0x00007fff472ce000 	C:\WINDOWS\System32\msvcrt.dll
0x00007fff464e0000 - 0x00007fff4653b000 	C:\WINDOWS\System32\sechost.dll
0x00007fff46a70000 - 0x00007fff46b94000 	C:\WINDOWS\System32\RPCRT4.dll
0x00007fff46290000 - 0x00007fff46420000 	C:\WINDOWS\System32\USER32.dll
0x00007fff44990000 - 0x00007fff449b0000 	C:\WINDOWS\System32\win32u.dll
0x00007fff472d0000 - 0x00007fff472f8000 	C:\WINDOWS\System32\GDI32.dll
0x00007fff43f80000 - 0x00007fff44112000 	C:\WINDOWS\System32\gdi32full.dll
0x00007fff44a60000 - 0x00007fff44aff000 	C:\WINDOWS\System32\msvcp_win.dll
0x00007fff44890000 - 0x00007fff4498a000 	C:\WINDOWS\System32\ucrtbase.dll
0x00007fff33410000 - 0x00007fff33679000 	C:\WINDOWS\WinSxS\amd64_microsoft.windows.common-controls_6595b64144ccf1df_6.0.17134.191_none_fb3e94b130690543\COMCTL32.dll
0x00007fff46730000 - 0x00007fff46a53000 	C:\WINDOWS\System32\combase.dll
0x00007fff43c80000 - 0x00007fff43cfa000 	C:\WINDOWS\System32\bcryptPrimitives.dll
0x00007fff44e00000 - 0x00007fff44e2d000 	C:\WINDOWS\System32\IMM32.DLL
0x000000005b300000 - 0x000000005b3d2000 	C:\Program Files\Java\jdk1.8.0_171\jre\bin\msvcr100.dll
0x000000005aa60000 - 0x000000005b300000 	C:\Program Files\Java\jdk1.8.0_171\jre\bin\server\jvm.dll
0x00007fff46710000 - 0x00007fff46718000 	C:\WINDOWS\System32\PSAPI.DLL
0x00007fff30f60000 - 0x00007fff30f69000 	C:\WINDOWS\SYSTEM32\WSOCK32.dll
0x00007fff46540000 - 0x00007fff465ac000 	C:\WINDOWS\System32\WS2_32.dll
0x00007fff33890000 - 0x00007fff338b3000 	C:\WINDOWS\SYSTEM32\WINMM.dll
0x00007fff3b000000 - 0x00007fff3b00a000 	C:\WINDOWS\SYSTEM32\VERSION.dll
0x00007fff33680000 - 0x00007fff336aa000 	C:\WINDOWS\SYSTEM32\WINMMBASE.dll
0x00007fff44b00000 - 0x00007fff44b49000 	C:\WINDOWS\System32\cfgmgr32.dll
0x000000005c0b0000 - 0x000000005c0bf000 	C:\Program Files\Java\jdk1.8.0_171\jre\bin\verify.dll
0x000000005c080000 - 0x000000005c0a9000 	C:\Program Files\Java\jdk1.8.0_171\jre\bin\java.dll
0x000000005c020000 - 0x000000005c043000 	C:\Program Files\Java\jdk1.8.0_171\jre\bin\instrument.dll
0x000000005bf60000 - 0x000000005bf76000 	C:\Program Files\Java\jdk1.8.0_171\jre\bin\zip.dll
0x00007fff44e50000 - 0x00007fff46290000 	C:\WINDOWS\System32\SHELL32.dll
0x00007fff46ba0000 - 0x00007fff46c49000 	C:\WINDOWS\System32\shcore.dll
0x00007fff44120000 - 0x00007fff4482d000 	C:\WINDOWS\System32\windows.storage.dll
0x00007fff46480000 - 0x00007fff464d1000 	C:\WINDOWS\System32\shlwapi.dll
0x00007fff43c60000 - 0x00007fff43c71000 	C:\WINDOWS\System32\kernel.appcore.dll
0x00007fff43c10000 - 0x00007fff43c2f000 	C:\WINDOWS\System32\profapi.dll
0x00007fff43bc0000 - 0x00007fff43c0c000 	C:\WINDOWS\System32\powrprof.dll
0x00007fff43c50000 - 0x00007fff43c5a000 	C:\WINDOWS\System32\FLTLIB.DLL
0x00007fff34670000 - 0x00007fff3468a000 	C:\Program Files\JetBrains\IntelliJ IDEA Community Edition 2018.1.3\bin\breakgen64.dll
0x000000005aa40000 - 0x000000005aa5a000 	C:\Program Files\Java\jdk1.8.0_171\jre\bin\net.dll
0x00007fff433e0000 - 0x00007fff43446000 	C:\WINDOWS\system32\mswsock.dll
0x000000005aa20000 - 0x000000005aa31000 	C:\Program Files\Java\jdk1.8.0_171\jre\bin\nio.dll
0x00007fff29940000 - 0x00007fff29997000 	C:\Users\jorda\AppData\Local\Temp\lwjgljorda\3.1.1-build-16\lwjgl.dll
0x00007fff435b0000 - 0x00007fff435bb000 	C:\WINDOWS\SYSTEM32\CRYPTBASE.DLL
0x00007fff298e0000 - 0x00007fff2993f000 	C:\Users\jorda\AppData\Local\Temp\lwjgljorda\3.1.1-build-16\lwjgl_opengl.dll
0x00007fff300b0000 - 0x00007fff301d0000 	C:\WINDOWS\system32\opengl32.dll
0x00007fff2fba0000 - 0x00007fff2fbcc000 	C:\WINDOWS\SYSTEM32\GLU32.dll
0x00007fff42610000 - 0x00007fff427d9000 	C:\WINDOWS\SYSTEM32\dbghelp.dll

VM Arguments:
jvm_args: -javaagent:C:\Program Files\JetBrains\IntelliJ IDEA Community Edition 2018.1.3\lib\idea_rt.jar=54541:C:\Program Files\JetBrains\IntelliJ IDEA Community Edition 2018.1.3\bin -Dfile.encoding=UTF-8 
java_command: com.Test
java_class_path (initial): C:\Program Files\Java\jdk1.8.0_171\jre\lib\charsets.jar;C:\Program Files\Java\jdk1.8.0_171\jre\lib\deploy.jar;C:\Program Files\Java\jdk1.8.0_171\jre\lib\ext\access-bridge-64.jar;C:\Program Files\Java\jdk1.8.0_171\jre\lib\ext\cldrdata.jar;C:\Program Files\Java\jdk1.8.0_171\jre\lib\ext\dnsns.jar;C:\Program Files\Java\jdk1.8.0_171\jre\lib\ext\jaccess.jar;C:\Program Files\Java\jdk1.8.0_171\jre\lib\ext\jfxrt.jar;C:\Program Files\Java\jdk1.8.0_171\jre\lib\ext\localedata.jar;C:\Program Files\Java\jdk1.8.0_171\jre\lib\ext\nashorn.jar;C:\Program Files\Java\jdk1.8.0_171\jre\lib\ext\sunec.jar;C:\Program Files\Java\jdk1.8.0_171\jre\lib\ext\sunjce_provider.jar;C:\Program Files\Java\jdk1.8.0_171\jre\lib\ext\sunmscapi.jar;C:\Program Files\Java\jdk1.8.0_171\jre\lib\ext\sunpkcs11.jar;C:\Program Files\Java\jdk1.8.0_171\jre\lib\ext\zipfs.jar;C:\Program Files\Java\jdk1.8.0_171\jre\lib\javaws.jar;C:\Program Files\Java\jdk1.8.0_171\jre\lib\jce.jar;C:\Program Files\Java\jdk1.8.0_171\jre\lib\jfr.jar;C:\Program Files\Java\jdk1.8.0_171\jre\lib\jfxswt.jar;C:\Program Files\Java\jdk1.8.0_171\jre\lib\jsse.jar;C:\Program Files\Java\jdk1.8.0_171\jre\lib\management-agent.jar;C:\Program Files\Java\jdk1.8.0_171\jre\lib\plugin.jar;C:\Program Files\Java\jdk1.8.0_171\jre\lib\resources.jar;C:\Program Files\Java\jdk1.8.0_171\jre\lib\rt.jar;C:\Users\jorda\Documents\Programming\Java\3D_Engine\target\classes;C:\Users\jorda\.m2\repository\org\lwjgl\lwjgl\3.1.1\lwjgl-3.1.1.jar;C:\Users\jorda\.m2\repository\org\lwjgl\lwjgl-glfw\3.1.1\lwjgl-glfw-3.1.1.jar;C:\Users\jorda\.m2\repository\org\lwjgl\lwjgl-opengl\3.1.1\lwjgl-opengl-3.1.1.jar;C:\Users\jorda\.m2\repository\org\apache\commons\commons-math3\3.0\commons-math3-3.0.jar;C:\Users\jorda\.m2\repository\commons-io\commons-io\2.5\commons-io-2.5.jar;C:\Users\jorda\.m2\repository\org\lwjgl\lwjgl-assimp\3.1.1\lwjgl-assimp-3.1.1.jar;C:\Users\jorda\.m2\repository\org\lwjgl\lwjgl\3.1.1\lwjgl-3.1.1-natives-windows.jar;C:\Users\jorda\.m2\repos
Launcher Type: SUN_STANDARD

Environment Variables:
PATH=C:\Program Files (x86)\Common Files\Oracle\Java\javapath;C:\Program Files (x86)\Intel\Intel(R) Management Engine Components\iCLS\;C:\Program Files\Intel\Intel(R) Management Engine Components\iCLS\;C:\WINDOWS\system32;C:\WINDOWS;C:\WINDOWS\System32\Wbem;C:\WINDOWS\System32\WindowsPowerShell\v1.0\;C:\Program Files (x86)\Intel\Intel(R) Management Engine Components\DAL;C:\Program Files\Intel\Intel(R) Management Engine Components\DAL;C:\Program Files (x86)\Intel\Intel(R) Management Engine Components\IPT;C:\Program Files\Intel\Intel(R) Management Engine Components\IPT;C:\Program Files\Git\cmd;C:\WINDOWS\System32\OpenSSH\;C:\Users\jorda\AppData\Local\Microsoft\WindowsApps;
USERNAME=jorda
OS=Windows_NT
PROCESSOR_IDENTIFIER=Intel64 Family 6 Model 142 Stepping 10, GenuineIntel



---------------  S Y S T E M  ---------------

OS: Windows 10.0 , 64 bit Build 17134 (10.0.17134.1)

CPU:total 8 (initial active 8) (4 cores per cpu, 2 threads per core) family 6 model 142 stepping 10, cmov, cx8, fxsr, mmx, sse, sse2, sse3, ssse3, sse4.1, sse4.2, popcnt, avx, avx2, aes, clmul, erms, 3dnowpref, lzcnt, ht, tsc, tscinvbit, bmi1, bmi2, adx

Memory: 4k page, physical 8218452k(2360076k free), swap 11220564k(2013272k free)

vm_info: Java HotSpot(TM) 64-Bit Server VM (25.171-b11) for windows-amd64 JRE (1.8.0_171-b11), built on Mar 28 2018 16:06:12 by "java_re" with MS VC++ 10.0 (VS2010)

time: Wed Aug 08 18:27:25 2018
elapsed time: 0 seconds (0d 0h 0m 0s)

