#
# A fatal error has been detected by the Java Runtime Environment:
#
#  EXCEPTION_ACCESS_VIOLATION (0xc0000005) at pc=0x00007ff8caa9862d, pid=13392, tid=0x0000000000002ab0
#
# JRE version: Java(TM) SE Runtime Environment (8.0_171-b11) (build 1.8.0_171-b11)
# Java VM: Java HotSpot(TM) 64-Bit Server VM (25.171-b11 mixed mode windows-amd64 compressed oops)
# Problematic frame:
# C  [lwjgl_opengl.dll+0x862d]
#
# Failed to write core dump. Minidumps are not enabled by default on client versions of Windows
#
# If you would like to submit a bug report, please visit:
#   http://bugreport.java.com/bugreport/crash.jsp
# The crash happened outside the Java Virtual Machine in native code.
# See problematic frame for where to report the bug.
#

---------------  T H R E A D  ---------------

Current thread (0x00000000035ee800):  JavaThread "main" [_thread_in_native, id=10928, stack(0x0000000004da0000,0x0000000004ea0000)]

siginfo: ExceptionCode=0xc0000005, reading address 0x0000000000000f18

Registers:
RAX=0x000000005e264d50, RBX=0x0000000019a91bb0, RCX=0x0000000000000001, RDX=0x000000001d130f3c
RSP=0x0000000004e9f238, RBP=0x0000000004e9f2c0, RSI=0x0000000000000188, RDI=0x00000000050b7e70
R8 =0x0000000000000001, R9 =0x000000001d130f3c, R10=0x0000000000000000, R11=0x000000005dcec460
R12=0x0000000000000000, R13=0x0000000019a91bb0, R14=0x0000000004e9f2f0, R15=0x00000000035ee800
RIP=0x00007ff8caa9862d, EFLAGS=0x0000000000010206

Top of Stack: (sp=0x0000000004e9f238)
0x0000000004e9f238:   00000000050c8c67 00000000050b7e70
0x0000000004e9f248:   00000000050c899d 00000000035ee800
0x0000000004e9f258:   0000000019a91bb0 0000000000000188
0x0000000004e9f268:   00000000035ee800 0000000004e9f368
0x0000000004e9f278:   00000000050c8962 0000000004e9f280
0x0000000004e9f288:   0000000019a91bb0 0000000004e9f2f0
0x0000000004e9f298:   0000000019a92160 0000000000000000
0x0000000004e9f2a8:   0000000019a91bb0 0000000000000000
0x0000000004e9f2b8:   0000000004e9f2e0 0000000004e9f338
0x0000000004e9f2c8:   00000000050b835d 00000000d7157748
0x0000000004e9f2d8:   00000000050c21d8 000000001d130f3c
0x0000000004e9f2e8:   00000000d7397210 0000000000000001
0x0000000004e9f2f8:   0000000004e9f2f8 0000000019a91d04
0x0000000004e9f308:   0000000004e9f368 0000000019a92160
0x0000000004e9f318:   0000000000000000 0000000019a91d68
0x0000000004e9f328:   0000000004e9f2e0 0000000004e9f370 

Instructions: (pc=0x00007ff8caa9862d)
0x00007ff8caa9860d:   49 ff a2 f0 09 00 00 cc cc cc cc cc cc cc cc cc
0x00007ff8caa9861d:   cc cc cc 48 8b 01 49 8b d1 41 8b c8 4c 8b 50 18
0x00007ff8caa9862d:   49 ff a2 18 0f 00 00 cc cc cc cc cc cc cc cc cc
0x00007ff8caa9863d:   cc cc cc 48 8b 01 48 8b 48 18 48 8b 81 c0 1b 00 


Register to memory mapping:

RAX=0x000000005e264d50 is an unknown value
RBX={method} {0x0000000019a91bb8} 'nglGenVertexArrays' '(IJ)V' in 'org/lwjgl/opengl/ARBVertexArrayObject'
RCX=0x0000000000000001 is an unknown value
RDX=0x000000001d130f3c is an unknown value
RSP=0x0000000004e9f238 is pointing into the stack for thread: 0x00000000035ee800
RBP=0x0000000004e9f2c0 is pointing into the stack for thread: 0x00000000035ee800
RSI=0x0000000000000188 is an unknown value
RDI=0x00000000050b7e70 is at code_begin+1040 in an Interpreter codelet
invoke return entry points  [0x00000000050b7a60, 0x00000000050b8440]  2528 bytes
R8 =0x0000000000000001 is an unknown value
R9 =0x000000001d130f3c is an unknown value
R10=0x0000000000000000 is an unknown value
R11=0x000000005dcec460 is an unknown value
R12=0x0000000000000000 is an unknown value
R13={method} {0x0000000019a91bb8} 'nglGenVertexArrays' '(IJ)V' in 'org/lwjgl/opengl/ARBVertexArrayObject'
R14=0x0000000004e9f2f0 is pointing into the stack for thread: 0x00000000035ee800
R15=0x00000000035ee800 is a thread


Stack: [0x0000000004da0000,0x0000000004ea0000],  sp=0x0000000004e9f238,  free space=1020k
Native frames: (J=compiled Java code, j=interpreted, Vv=VM code, C=native code)
C  [lwjgl_opengl.dll+0x862d]

Java frames: (J=compiled Java code, j=interpreted, Vv=VM code)
j  org.lwjgl.opengl.ARBVertexArrayObject.nglGenVertexArrays(IJ)V+0
j  org.lwjgl.opengl.ARBVertexArrayObject.glGenVertexArrays()I+20
j  com.graphics.mesh.Mesh.<init>(Lcom/graphics/mesh/SingleIndexMeshData;)V+152
j  com.graphics.mesh.Mesh.<init>(Lcom/graphics/mesh/MultiIndexMeshData;)V+5
j  com.utils.GenerateMesh.sphere(FI)Lcom/graphics/mesh/Mesh;+482
j  com.componentSystem.World.<init>()V+98
j  com.engine.core.Engine.<init>()V+44
j  com.Launcher.main([Ljava/lang/String;)V+4
v  ~StubRoutines::call_stub

---------------  P R O C E S S  ---------------

Java Threads: ( => current thread )
  0x000000001c03d000 JavaThread "Service Thread" daemon [_thread_blocked, id=16892, stack(0x000000001cb70000,0x000000001cc70000)]
  0x000000001bf96800 JavaThread "C1 CompilerThread3" daemon [_thread_blocked, id=16880, stack(0x000000001ca70000,0x000000001cb70000)]
  0x000000001bf91800 JavaThread "C2 CompilerThread2" daemon [_thread_blocked, id=16872, stack(0x000000001c970000,0x000000001ca70000)]
  0x000000001bf8c800 JavaThread "C2 CompilerThread1" daemon [_thread_blocked, id=16864, stack(0x000000001c870000,0x000000001c970000)]
  0x000000001bf8b000 JavaThread "C2 CompilerThread0" daemon [_thread_blocked, id=16868, stack(0x000000001c770000,0x000000001c870000)]
  0x000000001bf89800 JavaThread "Monitor Ctrl-Break" daemon [_thread_in_native, id=16800, stack(0x000000001c670000,0x000000001c770000)]
  0x000000001bea9000 JavaThread "Attach Listener" daemon [_thread_blocked, id=16796, stack(0x000000001c570000,0x000000001c670000)]
  0x000000001bea8000 JavaThread "Signal Dispatcher" daemon [_thread_blocked, id=16792, stack(0x000000001c470000,0x000000001c570000)]
  0x000000001bea0800 JavaThread "Finalizer" daemon [_thread_blocked, id=16744, stack(0x000000001c280000,0x000000001c380000)]
  0x00000000050a9000 JavaThread "Reference Handler" daemon [_thread_blocked, id=16740, stack(0x000000001bd80000,0x000000001be80000)]
=>0x00000000035ee800 JavaThread "main" [_thread_in_native, id=10928, stack(0x0000000004da0000,0x0000000004ea0000)]

Other Threads:
  0x0000000019f99000 VMThread [stack: 0x000000001bc80000,0x000000001bd80000] [id=16732]
  0x000000001c076000 WatcherThread [stack: 0x000000001cc70000,0x000000001cd70000] [id=16888]

VM state:not at safepoint (normal execution)

VM Mutex/Monitor currently owned by a thread: None

Heap:
 PSYoungGen      total 37888K, used 17070K [0x00000000d6300000, 0x00000000d8d00000, 0x0000000100000000)
  eden space 32768K, 52% used [0x00000000d6300000,0x00000000d73abb68,0x00000000d8300000)
  from space 5120K, 0% used [0x00000000d8800000,0x00000000d8800000,0x00000000d8d00000)
  to   space 5120K, 0% used [0x00000000d8300000,0x00000000d8300000,0x00000000d8800000)
 ParOldGen       total 86016K, used 0K [0x0000000082800000, 0x0000000087c00000, 0x00000000d6300000)
  object space 86016K, 0% used [0x0000000082800000,0x0000000082800000,0x0000000087c00000)
 Metaspace       used 6724K, capacity 6876K, committed 7040K, reserved 1056768K
  class space    used 747K, capacity 828K, committed 896K, reserved 1048576K

Card table byte_map: [0x0000000014470000,0x0000000014860000] byte_map_base: 0x000000001405c000

Marking Bits: (ParMarkBitMap*) 0x000000005e2e08c0
 Begin Bits: [0x0000000015300000, 0x0000000017260000)
 End Bits:   [0x0000000017260000, 0x00000000191c0000)

Polling page: 0x00000000033b0000

CodeCache: size=245760Kb used=2256Kb max_used=2256Kb free=243503Kb
 bounds [0x00000000050b0000, 0x0000000005320000, 0x00000000140b0000]
 total_blobs=899 nmethods=562 adapters=250
 compilation: enabled

Compilation events (10 events):
Event: 0.487 Thread 0x000000001bf96800  551       1       sun.misc.URLClassPath$JarLoader::access$700 (5 bytes)
Event: 0.488 Thread 0x000000001bf96800 nmethod 551 0x00000000052d76d0 code [0x00000000052d7820, 0x00000000052d7910]
Event: 0.489 Thread 0x000000001bf8c800 nmethod 539% 0x00000000052df9d0 code [0x00000000052dfb20, 0x00000000052e0498]
Event: 0.490 Thread 0x000000001bf96800  552       1       java.lang.System::getSecurityManager (4 bytes)
Event: 0.490 Thread 0x000000001bf96800 nmethod 552 0x00000000052d7450 code [0x00000000052d75a0, 0x00000000052d7690]
Event: 0.490 Thread 0x000000001bf96800  553       3       java.util.BitSet::get (69 bytes)
Event: 0.491 Thread 0x000000001bf96800 nmethod 553 0x00000000052de5d0 code [0x00000000052de7c0, 0x00000000052df188]
Event: 0.492 Thread 0x000000001bf96800  555       3       sun.misc.URLClassPath::access$100 (7 bytes)
Event: 0.493 Thread 0x000000001bf96800 nmethod 555 0x00000000052de210 code [0x00000000052de380, 0x00000000052de4e8]
Event: 0.495 Thread 0x000000001bf96800  558   !   3       java.net.URL::<init> (543 bytes)

GC Heap History (0 events):
No events

Deoptimization events (10 events):
Event: 0.423 Thread 0x00000000035ee800 Uncommon trap: reason=null_check action=make_not_entrant pc=0x00000000052541d4 method=java.lang.String.equals(Ljava/lang/Object;)Z @ 8
Event: 0.431 Thread 0x00000000035ee800 Uncommon trap: reason=unstable_if action=reinterpret pc=0x00000000052985bc method=java.util.HashMap$HashIterator.<init>(Ljava/util/HashMap;)V @ 38
Event: 0.436 Thread 0x00000000035ee800 Uncommon trap: reason=unstable_if action=reinterpret pc=0x000000000529382c method=java.util.HashMap$HashIterator.<init>(Ljava/util/HashMap;)V @ 38
Event: 0.447 Thread 0x00000000035ee800 Uncommon trap: reason=bimorphic action=maybe_recompile pc=0x000000000528b0f0 method=java.util.HashMap.putVal(ILjava/lang/Object;Ljava/lang/Object;ZZ)Ljava/lang/Object; @ 56
Event: 0.447 Thread 0x00000000035ee800 Uncommon trap: reason=bimorphic action=maybe_recompile pc=0x000000000528b0f0 method=java.util.HashMap.putVal(ILjava/lang/Object;Ljava/lang/Object;ZZ)Ljava/lang/Object; @ 56
Event: 0.447 Thread 0x00000000035ee800 Uncommon trap: reason=bimorphic action=maybe_recompile pc=0x000000000528b0f0 method=java.util.HashMap.putVal(ILjava/lang/Object;Ljava/lang/Object;ZZ)Ljava/lang/Object; @ 56
Event: 0.447 Thread 0x00000000035ee800 Uncommon trap: reason=bimorphic action=maybe_recompile pc=0x000000000528e558 method=java.util.HashMap.putVal(ILjava/lang/Object;Ljava/lang/Object;ZZ)Ljava/lang/Object; @ 56
Event: 0.482 Thread 0x00000000035ee800 Uncommon trap: reason=bimorphic action=maybe_recompile pc=0x000000000527f8c8 method=java.util.Arrays.hashCode([Ljava/lang/Object;)I @ 43
Event: 0.482 Thread 0x00000000035ee800 Uncommon trap: reason=bimorphic action=maybe_recompile pc=0x000000000527f8c8 method=java.util.Arrays.hashCode([Ljava/lang/Object;)I @ 43
Event: 0.482 Thread 0x00000000035ee800 Uncommon trap: reason=bimorphic action=maybe_recompile pc=0x0000000005278088 method=java.util.Arrays.hashCode([Ljava/lang/Object;)I @ 43

Classes redefined (0 events):
No events

Internal exceptions (10 events):
Event: 0.418 Thread 0x00000000035ee800 Implicit null exception at 0x000000000529277c to 0x0000000005292935
Event: 0.423 Thread 0x00000000035ee800 Implicit null exception at 0x000000000525401b to 0x00000000052541c5
Event: 0.431 Thread 0x00000000035ee800 Implicit null exception at 0x000000000529836e to 0x00000000052985a1
Event: 0.436 Thread 0x00000000035ee800 Implicit null exception at 0x000000000529363a to 0x0000000005293815
Event: 0.477 Thread 0x00000000035ee800 Exception <a 'sun/nio/fs/WindowsException'> (0x00000000d72f0488) thrown at [C:\re\workspace\8-2-build-windows-amd64-cygwin\jdk8u171\10807\hotspot\src\share\vm\prims\jni.cpp, line 709]
Event: 0.477 Thread 0x00000000035ee800 Exception <a 'sun/nio/fs/WindowsException'> (0x00000000d72f1e88) thrown at [C:\re\workspace\8-2-build-windows-amd64-cygwin\jdk8u171\10807\hotspot\src\share\vm\prims\jni.cpp, line 709]
Event: 0.478 Thread 0x00000000035ee800 Exception <a 'sun/nio/fs/WindowsException'> (0x00000000d72f4590) thrown at [C:\re\workspace\8-2-build-windows-amd64-cygwin\jdk8u171\10807\hotspot\src\share\vm\prims\jni.cpp, line 709]
Event: 0.478 Thread 0x00000000035ee800 Exception <a 'sun/nio/fs/WindowsException'> (0x00000000d72f4ab8) thrown at [C:\re\workspace\8-2-build-windows-amd64-cygwin\jdk8u171\10807\hotspot\src\share\vm\prims\jni.cpp, line 709]
Event: 0.478 Thread 0x00000000035ee800 Exception <a 'sun/nio/fs/WindowsException'> (0x00000000d72f5490) thrown at [C:\re\workspace\8-2-build-windows-amd64-cygwin\jdk8u171\10807\hotspot\src\share\vm\prims\jni.cpp, line 709]
Event: 0.478 Thread 0x00000000035ee800 Exception <a 'sun/nio/fs/WindowsException'> (0x00000000d72f5920) thrown at [C:\re\workspace\8-2-build-windows-amd64-cygwin\jdk8u171\10807\hotspot\src\share\vm\prims\jni.cpp, line 709]

Events (10 events):
Event: 0.489 loading class java/nio/DirectDoubleBufferU
Event: 0.489 loading class java/nio/DirectDoubleBufferU done
Event: 0.490 loading class org/lwjgl/system/windows/WinBase
Event: 0.490 loading class org/lwjgl/system/windows/WinBase done
Event: 0.493 loading class org/lwjgl/opengl/GL$1
Event: 0.493 loading class org/lwjgl/opengl/GL$1 done
Event: 0.495 loading class org/lwjgl/opengl/GL$SharedLibraryGL
Event: 0.495 loading class org/lwjgl/opengl/GL$SharedLibraryGL done
Event: 0.495 loading class org/lwjgl/system/SharedLibrary$Delegate
Event: 0.495 loading class org/lwjgl/system/SharedLibrary$Delegate done


Dynamic libraries:
0x00007ff6c2190000 - 0x00007ff6c21c7000 	C:\Program Files\Java\jdk1.8.0_171\bin\java.exe
0x00007ff8eb520000 - 0x00007ff8eb700000 	C:\Windows\SYSTEM32\ntdll.dll
0x00007ff8c9c50000 - 0x00007ff8c9c84000 	C:\Program Files\AVG\Antivirus\x64\aswhooka.dll
0x00007ff8eb440000 - 0x00007ff8eb4ee000 	C:\Windows\System32\KERNEL32.DLL
0x00007ff8e7920000 - 0x00007ff8e7b86000 	C:\Windows\System32\KERNELBASE.dll
0x00007ff8ea740000 - 0x00007ff8ea7e1000 	C:\Windows\System32\ADVAPI32.dll
0x00007ff8eb0d0000 - 0x00007ff8eb16d000 	C:\Windows\System32\msvcrt.dll
0x00007ff8e8fb0000 - 0x00007ff8e900b000 	C:\Windows\System32\sechost.dll
0x00007ff8e9070000 - 0x00007ff8e918f000 	C:\Windows\System32\RPCRT4.dll
0x00007ff8eb2b0000 - 0x00007ff8eb43f000 	C:\Windows\System32\USER32.dll
0x00007ff8e7c70000 - 0x00007ff8e7c90000 	C:\Windows\System32\win32u.dll
0x00007ff8e8f80000 - 0x00007ff8e8fa8000 	C:\Windows\System32\GDI32.dll
0x00007ff8e8850000 - 0x00007ff8e89e3000 	C:\Windows\System32\gdi32full.dll
0x00007ff8e8530000 - 0x00007ff8e85cb000 	C:\Windows\System32\msvcp_win.dll
0x00007ff8e83e0000 - 0x00007ff8e84d6000 	C:\Windows\System32\ucrtbase.dll
0x00007ff8d9380000 - 0x00007ff8d95e9000 	C:\Windows\WinSxS\amd64_microsoft.windows.common-controls_6595b64144ccf1df_6.0.16299.492_none_15c8d3609364b9b0\COMCTL32.dll
0x00007ff8ead50000 - 0x00007ff8eb057000 	C:\Windows\System32\combase.dll
0x00007ff8e7bf0000 - 0x00007ff8e7c62000 	C:\Windows\System32\bcryptPrimitives.dll
0x00007ff8ea810000 - 0x00007ff8ea83d000 	C:\Windows\System32\IMM32.DLL
0x000000005e360000 - 0x000000005e432000 	C:\Program Files\Java\jdk1.8.0_171\jre\bin\msvcr100.dll
0x000000005dac0000 - 0x000000005e360000 	C:\Program Files\Java\jdk1.8.0_171\jre\bin\server\jvm.dll
0x00007ff8eb2a0000 - 0x00007ff8eb2a8000 	C:\Windows\System32\PSAPI.DLL
0x00007ff8d8170000 - 0x00007ff8d8179000 	C:\Windows\SYSTEM32\WSOCK32.dll
0x00007ff8eb060000 - 0x00007ff8eb0cc000 	C:\Windows\System32\WS2_32.dll
0x00007ff8dfd90000 - 0x00007ff8dfdb3000 	C:\Windows\SYSTEM32\WINMM.dll
0x00007ff8d9600000 - 0x00007ff8d960a000 	C:\Windows\SYSTEM32\VERSION.dll
0x00007ff8dfd30000 - 0x00007ff8dfd5a000 	C:\Windows\SYSTEM32\WINMMBASE.dll
0x00007ff8e84e0000 - 0x00007ff8e852a000 	C:\Windows\System32\cfgmgr32.dll
0x000000005eeb0000 - 0x000000005eebf000 	C:\Program Files\Java\jdk1.8.0_171\jre\bin\verify.dll
0x000000005edf0000 - 0x000000005ee19000 	C:\Program Files\Java\jdk1.8.0_171\jre\bin\java.dll
0x000000005edc0000 - 0x000000005ede3000 	C:\Program Files\Java\jdk1.8.0_171\jre\bin\instrument.dll
0x000000005eda0000 - 0x000000005edb6000 	C:\Program Files\Java\jdk1.8.0_171\jre\bin\zip.dll
0x00007ff8e9190000 - 0x00007ff8ea5c8000 	C:\Windows\System32\SHELL32.dll
0x00007ff8eaca0000 - 0x00007ff8ead46000 	C:\Windows\System32\shcore.dll
0x00007ff8e7c90000 - 0x00007ff8e83d7000 	C:\Windows\System32\windows.storage.dll
0x00007ff8e8c10000 - 0x00007ff8e8c61000 	C:\Windows\System32\shlwapi.dll
0x00007ff8e78e0000 - 0x00007ff8e78f1000 	C:\Windows\System32\kernel.appcore.dll
0x00007ff8e7890000 - 0x00007ff8e78dc000 	C:\Windows\System32\powrprof.dll
0x00007ff8e7870000 - 0x00007ff8e788b000 	C:\Windows\System32\profapi.dll
0x00007ff8e2ce0000 - 0x00007ff8e2cfa000 	C:\Program Files\JetBrains\IntelliJ IDEA Community Edition 2018.1.3\bin\breakgen64.dll
0x000000005ed80000 - 0x000000005ed9a000 	C:\Program Files\Java\jdk1.8.0_171\jre\bin\net.dll
0x00007ff8e70a0000 - 0x00007ff8e7106000 	C:\Windows\system32\mswsock.dll
0x000000005d7f0000 - 0x000000005d988000 	C:\Program Files\Java\jdk1.8.0_171\jre\bin\awt.dll
0x00007ff8e89f0000 - 0x00007ff8e8ab5000 	C:\Windows\System32\OLEAUT32.dll
0x00007ff8e56e0000 - 0x00007ff8e5768000 	C:\Windows\SYSTEM32\apphelp.dll
0x000000005daa0000 - 0x000000005dab1000 	C:\Program Files\Java\jdk1.8.0_171\jre\bin\nio.dll
0x00007ff8e1c70000 - 0x00007ff8e1cc7000 	C:\Users\jorda\AppData\Local\Temp\lwjgljorda\3.1.1-build-16\lwjgl.dll
0x00007ff8e7280000 - 0x00007ff8e728b000 	C:\Windows\SYSTEM32\CRYPTBASE.DLL
0x00007ff8caa90000 - 0x00007ff8caaef000 	C:\Users\jorda\AppData\Local\Temp\lwjgljorda\3.1.1-build-16\lwjgl_opengl.dll
0x00007ff8d7850000 - 0x00007ff8d796e000 	C:\Windows\system32\opengl32.dll
0x00007ff8d7410000 - 0x00007ff8d743c000 	C:\Windows\SYSTEM32\GLU32.dll
0x00007ff8e6350000 - 0x00007ff8e6518000 	C:\Windows\SYSTEM32\dbghelp.dll

VM Arguments:
jvm_args: -javaagent:C:\Program Files\JetBrains\IntelliJ IDEA Community Edition 2018.1.3\lib\idea_rt.jar=51375:C:\Program Files\JetBrains\IntelliJ IDEA Community Edition 2018.1.3\bin -Dfile.encoding=UTF-8 
java_command: com.Launcher
java_class_path (initial): C:\Program Files\Java\jdk1.8.0_171\jre\lib\charsets.jar;C:\Program Files\Java\jdk1.8.0_171\jre\lib\deploy.jar;C:\Program Files\Java\jdk1.8.0_171\jre\lib\ext\access-bridge-64.jar;C:\Program Files\Java\jdk1.8.0_171\jre\lib\ext\cldrdata.jar;C:\Program Files\Java\jdk1.8.0_171\jre\lib\ext\dnsns.jar;C:\Program Files\Java\jdk1.8.0_171\jre\lib\ext\jaccess.jar;C:\Program Files\Java\jdk1.8.0_171\jre\lib\ext\jfxrt.jar;C:\Program Files\Java\jdk1.8.0_171\jre\lib\ext\localedata.jar;C:\Program Files\Java\jdk1.8.0_171\jre\lib\ext\nashorn.jar;C:\Program Files\Java\jdk1.8.0_171\jre\lib\ext\sunec.jar;C:\Program Files\Java\jdk1.8.0_171\jre\lib\ext\sunjce_provider.jar;C:\Program Files\Java\jdk1.8.0_171\jre\lib\ext\sunmscapi.jar;C:\Program Files\Java\jdk1.8.0_171\jre\lib\ext\sunpkcs11.jar;C:\Program Files\Java\jdk1.8.0_171\jre\lib\ext\zipfs.jar;C:\Program Files\Java\jdk1.8.0_171\jre\lib\javaws.jar;C:\Program Files\Java\jdk1.8.0_171\jre\lib\jce.jar;C:\Program Files\Java\jdk1.8.0_171\jre\lib\jfr.jar;C:\Program Files\Java\jdk1.8.0_171\jre\lib\jfxswt.jar;C:\Program Files\Java\jdk1.8.0_171\jre\lib\jsse.jar;C:\Program Files\Java\jdk1.8.0_171\jre\lib\management-agent.jar;C:\Program Files\Java\jdk1.8.0_171\jre\lib\plugin.jar;C:\Program Files\Java\jdk1.8.0_171\jre\lib\resources.jar;C:\Program Files\Java\jdk1.8.0_171\jre\lib\rt.jar;C:\Users\jorda\Documents\Programming\Java\3D_Engine\target\classes;C:\Users\jorda\.m2\repository\org\lwjgl\lwjgl\3.1.1\lwjgl-3.1.1.jar;C:\Users\jorda\.m2\repository\org\lwjgl\lwjgl-glfw\3.1.1\lwjgl-glfw-3.1.1.jar;C:\Users\jorda\.m2\repository\org\lwjgl\lwjgl-opengl\3.1.1\lwjgl-opengl-3.1.1.jar;C:\Users\jorda\.m2\repository\org\apache\commons\commons-math3\3.0\commons-math3-3.0.jar;C:\Users\jorda\.m2\repository\commons-io\commons-io\2.5\commons-io-2.5.jar;C:\Users\jorda\.m2\repository\org\lwjgl\lwjgl-assimp\3.1.1\lwjgl-assimp-3.1.1.jar;C:\Users\jorda\.m2\repository\org\lwjgl\lwjgl\3.1.1\lwjgl-3.1.1-natives-windows.jar;C:\Users\jorda\.m2\repos
Launcher Type: SUN_STANDARD

Environment Variables:
PATH=C:\Program Files (x86)\Common Files\Oracle\Java\javapath;C:\Program Files (x86)\Intel\Intel(R) Management Engine Components\iCLS\;C:\Program Files\Intel\Intel(R) Management Engine Components\iCLS\;C:\Windows\system32;C:\Windows;C:\Windows\System32\Wbem;C:\Windows\System32\WindowsPowerShell\v1.0\;C:\Program Files (x86)\Intel\Intel(R) Management Engine Components\DAL;C:\Program Files\Intel\Intel(R) Management Engine Components\DAL;C:\Program Files (x86)\Intel\Intel(R) Management Engine Components\IPT;C:\Program Files\Intel\Intel(R) Management Engine Components\IPT;C:\Program Files\Git\cmd;C:\Users\jorda\AppData\Local\Microsoft\WindowsApps;
USERNAME=jorda
OS=Windows_NT
PROCESSOR_IDENTIFIER=Intel64 Family 6 Model 142 Stepping 10, GenuineIntel



---------------  S Y S T E M  ---------------

OS: Windows 10.0 , 64 bit Build 16299 (10.0.16299.431)

CPU:total 8 (initial active 8) (4 cores per cpu, 2 threads per core) family 6 model 142 stepping 10, cmov, cx8, fxsr, mmx, sse, sse2, sse3, ssse3, sse4.1, sse4.2, popcnt, avx, avx2, aes, clmul, erms, 3dnowpref, lzcnt, ht, tsc, tscinvbit, bmi1, bmi2, adx

Memory: 4k page, physical 8218452k(3476820k free), swap 9529172k(2951640k free)

vm_info: Java HotSpot(TM) 64-Bit Server VM (25.171-b11) for windows-amd64 JRE (1.8.0_171-b11), built on Mar 28 2018 16:06:12 by "java_re" with MS VC++ 10.0 (VS2010)

time: Sat Aug 04 15:15:29 2018
elapsed time: 0 seconds (0d 0h 0m 0s)

